#
# A fatal error has been detected by the Java Runtime Environment:
#
#  EXCEPTION_ACCESS_VIOLATION (0xc0000005) at pc=0x00007ffa0bb7c64d, pid=26736, tid=27668
#
# JRE version: OpenJDK Runtime Environment (20.0.2+9) (build 20.0.2+9-78)
# Java VM: OpenJDK 64-Bit Server VM (20.0.2+9-78, mixed mode, sharing, tiered, compressed oops, compressed class ptrs, g1 gc, windows-amd64)
# Problematic frame:
# C  [lwjgl_opengl.dll+0xc64d]
#
# No core dump will be written. Minidumps are not enabled by default on client versions of Windows
#
# If you would like to submit a bug report, please visit:
#   https://bugreport.java.com/bugreport/crash.jsp
# The crash happened outside the Java Virtual Machine in native code.
# See problematic frame for where to report the bug.
#

---------------  S U M M A R Y ------------

Command Line: -javaagent:C:\Program Files\JetBrains\IntelliJ IDEA Community Edition 2023.2\lib\idea_rt.jar=49164:C:\Program Files\JetBrains\IntelliJ IDEA Community Edition 2023.2\bin -Dfile.encoding=UTF-8 -Dsun.stdout.encoding=UTF-8 -Dsun.stderr.encoding=UTF-8 ShadowDance

Host: 11th Gen Intel(R) Core(TM) i7-11800H @ 2.30GHz, 16 cores, 15G,  Windows 11 , 64 bit Build 22621 (10.0.22621.2215)
Time: Fri Oct  6 00:15:13 2023 AUS Eastern Daylight Time elapsed time: 0.365656 seconds (0d 0h 0m 0s)

---------------  T H R E A D  ---------------

Current thread (0x000002478c45ad40):  JavaThread "main" [_thread_in_native, id=27668, stack(0x000000e933b00000,0x000000e933c00000)]

Stack: [0x000000e933b00000,0x000000e933c00000],  sp=0x000000e933bfeae8,  free space=1018k
Native frames: (J=compiled Java code, j=interpreted, Vv=VM code, C=native code)
C  [lwjgl_opengl.dll+0xc64d]

Java frames: (J=compiled Java code, j=interpreted, Vv=VM code)
j  org.lwjgl.opengl.GL11C.nglGenTextures(IJ)V+0
j  org.lwjgl.opengl.GL11C.glGenTextures()I+20
j  org.lwjgl.opengl.GL11.glGenTextures()I+0
j  bagel.Texture.<init>(IILjava/nio/ByteBuffer;)V+21
j  bagel.InternalFont.<init>(Ljava/lang/String;I)V+231
j  bagel.TextureManager.getFont(Ljava/lang/String;I)Lbagel/InternalFont;+41
j  bagel.Font.<init>(Ljava/lang/String;I)V+7
j  Text.<init>(ILjava/lang/String;II)V+23
j  ShadowDance.<clinit>()V+14
v  ~StubRoutines::call_stub 0x000002479b9710e7

siginfo: EXCEPTION_ACCESS_VIOLATION (0xc0000005), reading address 0x00000000000002d8


Registers:
RAX=0x00000247f192bad0, RBX=0x00000247ed942cb0, RCX=0x0000000000000001, RDX=0x00000247f195eabc
RSP=0x000000e933bfeae8, RBP=0x000000e933bfeb78, RSI=0x00000247ed5503f0, RDI=0x000002479b98df59
R8 =0x0000000000000001, R9 =0x00000247f195eabc, R10=0x0000000000000000, R11=0x0000000714fa7f38
R12=0x0000000000000000, R13=0x00000247ed942cb0, R14=0x000000e933bfeba8, R15=0x000002478c45ad40
RIP=0x00007ffa0bb7c64d, EFLAGS=0x0000000000010206


Register to memory mapping:

RIP=0x00007ffa0bb7c64d lwjgl_opengl.dll
RAX=0x00000247f192bad0 points into unknown readable memory: 0x0000000000000000 | 00 00 00 00 00 00 00 00
RBX={method} {0x00000247ed942cb8} 'nglGenTextures' '(IJ)V' in 'org/lwjgl/opengl/GL11C'
RCX=0x0000000000000001 is an unknown value
RDX=0x00000247f195eabc points into unknown readable memory: 00 00 00 00
RSP=0x000000e933bfeae8 is pointing into the stack for thread: 0x000002478c45ad40
RBP=0x000000e933bfeb78 is pointing into the stack for thread: 0x000002478c45ad40
RSI=0x00000247ed5503f0 is pointing into metadata
RDI=0x000002479b98df59 is at code_begin+1305 in an Interpreter codelet
return entry points  [0x000002479b98da40, 0x000002479b98e508]  2760 bytes
R8 =0x0000000000000001 is an unknown value
R9 =0x00000247f195eabc points into unknown readable memory: 00 00 00 00
R10=0x0 is NULL
R11=0x0000000714fa7f38 is an oop: java.lang.Class 
{0x0000000714fa7f38} - klass: 'java/lang/Class'
 - ---- fields (total size 116 words):
 - private volatile transient 'classRedefinedCount' 'I' @12  0 (0x00000000)
 - abstract internal 'klass' 'J' @16  2506872687064 (0x00000247ad4189d8)
 - abstract internal 'array_klass' 'J' @24  0 (0x0000000000000000)
 - abstract internal 'oop_size' 'I' @32  116 (0x00000074)
 - abstract internal 'static_oop_field_count' 'I' @36  0 (0x00000000)
 - private volatile transient 'cachedConstructor' 'Ljava/lang/reflect/Constructor;' @40  NULL (0x00000000)
 - private transient 'name' 'Ljava/lang/String;' @44  "org.lwjgl.opengl.GL11C"{0x0000000714fa82d8} (0xe29f505b)
 - private transient 'module' 'Ljava/lang/Module;' @48  a 'java/lang/Module'{0x0000000715468220} (0xe2a8d044)
 - private final 'classLoader' 'Ljava/lang/ClassLoader;' @52  a 'jdk/internal/loader/ClassLoaders$AppClassLoader'{0x0000000715468060} (0xe2a8d00c)
 - private transient 'classData' 'Ljava/lang/Object;' @56  NULL (0x00000000)
 - private transient 'packageName' 'Ljava/lang/String;' @60  "org.lwjgl.opengl"{0x0000000714f030d8} (0xe29e061b)
 - private final 'componentType' 'Ljava/lang/Class;' @64  NULL (0x00000000)
 - private volatile transient 'reflectionData' 'Ljava/lang/ref/SoftReference;' @68  NULL (0x00000000)
 - private volatile transient 'genericInfo' 'Lsun/reflect/generics/repository/ClassRepository;' @72  NULL (0x00000000)
 - private volatile transient 'enumConstants' '[Ljava/lang/Object;' @76  NULL (0x00000000)
 - private volatile transient 'enumConstantDirectory' 'Ljava/util/Map;' @80  NULL (0x00000000)
 - private volatile transient 'annotationData' 'Ljava/lang/Class$AnnotationData;' @84  NULL (0x00000000)
 - private volatile transient 'annotationType' 'Lsun/reflect/annotation/AnnotationType;' @88  NULL (0x00000000)
 - transient 'classValueMap' 'Ljava/lang/ClassValue$ClassValueMap;' @92  NULL (0x00000000)
 - abstract internal 'protection_domain' 'Ljava/lang/Object;' @96  a 'java/security/ProtectionDomain'{0x0000000714f0e9e8} (0xe29e1d3d)
 - abstract internal 'signers_name' 'Ljava/lang/Object;' @100  NULL (0x00000000)
 - abstract internal 'source_file' 'Ljava/lang/Object;' @104  NULL (0x00000000)
 - signature: Lorg/lwjgl/opengl/GL11C;
 - ---- static fields (0):
 - public static final 'GL_NEVER' 'I' @112  512 (0x00000200)
 - public static final 'GL_LESS' 'I' @116  513 (0x00000201)
 - public static final 'GL_EQUAL' 'I' @120  514 (0x00000202)
 - public static final 'GL_LEQUAL' 'I' @124  515 (0x00000203)
 - public static final 'GL_GREATER' 'I' @128  516 (0x00000204)
 - public static final 'GL_NOTEQUAL' 'I' @132  517 (0x00000205)
 - public static final 'GL_GEQUAL' 'I' @136  518 (0x00000206)
 - public static final 'GL_ALWAYS' 'I' @140  519 (0x00000207)
 - public static final 'GL_DEPTH_BUFFER_BIT' 'I' @144  256 (0x00000100)
 - public static final 'GL_STENCIL_BUFFER_BIT' 'I' @148  1024 (0x00000400)
 - public static final 'GL_COLOR_BUFFER_BIT' 'I' @152  16384 (0x00004000)
 - public static final 'GL_POINTS' 'I' @156  0 (0x00000000)
 - public static final 'GL_LINES' 'I' @160  1 (0x00000001)
 - public static final 'GL_LINE_LOOP' 'I' @164  2 (0x00000002)
 - public static final 'GL_LINE_STRIP' 'I' @168  3 (0x00000003)
 - public static final 'GL_TRIANGLES' 'I' @172  4 (0x00000004)
 - public static final 'GL_TRIANGLE_STRIP' 'I' @176  5 (0x00000005)
 - public static final 'GL_TRIANGLE_FAN' 'I' @180  6 (0x00000006)
 - public static final 'GL_QUADS' 'I' @184  7 (0x00000007)
 - public static final 'GL_ZERO' 'I' @188  0 (0x00000000)
 - public static final 'GL_ONE' 'I' @192  1 (0x00000001)
 - public static final 'GL_SRC_COLOR' 'I' @196  768 (0x00000300)
 - public static final 'GL_ONE_MINUS_SRC_COLOR' 'I' @200  769 (0x00000301)
 - public static final 'GL_SRC_ALPHA' 'I' @204  770 (0x00000302)
 - public static final 'GL_ONE_MINUS_SRC_ALPHA' 'I' @208  771 (0x00000303)
 - public static final 'GL_DST_ALPHA' 'I' @212  772 (0x00000304)
 - public static final 'GL_ONE_MINUS_DST_ALPHA' 'I' @216  773 (0x00000305)
 - public static final 'GL_DST_COLOR' 'I' @220  774 (0x00000306)
 - public static final 'GL_ONE_MINUS_DST_COLOR' 'I' @224  775 (0x00000307)
 - public static final 'GL_SRC_ALPHA_SATURATE' 'I' @228  776 (0x00000308)
 - public static final 'GL_TRUE' 'I' @232  1 (0x00000001)
 - public static final 'GL_FALSE' 'I' @236  0 (0x00000000)
 - public static final 'GL_BYTE' 'I' @240  5120 (0x00001400)
 - public static final 'GL_UNSIGNED_BYTE' 'I' @244  5121 (0x00001401)
 - public static final 'GL_SHORT' 'I' @248  5122 (0x00001402)
 - public static final 'GL_UNSIGNED_SHORT' 'I' @252  5123 (0x00001403)
 - public static final 'GL_INT' 'I' @256  5124 (0x00001404)
 - public static final 'GL_UNSIGNED_INT' 'I' @260  5125 (0x00001405)
 - public static final 'GL_FLOAT' 'I' @264  5126 (0x00001406)
 - public static final 'GL_DOUBLE' 'I' @268  5130 (0x0000140a)
 - public static final 'GL_NONE' 'I' @272  0 (0x00000000)
 - public static final 'GL_FRONT_LEFT' 'I' @276  1024 (0x00000400)
 - public static final 'GL_FRONT_RIGHT' 'I' @280  1025 (0x00000401)
 - public static final 'GL_BACK_LEFT' 'I' @284  1026 (0x00000402)
 - public static final 'GL_BACK_RIGHT' 'I' @288  1027 (0x00000403)
 - public static final 'GL_FRONT' 'I' @292  1028 (0x00000404)
 - public static final 'GL_BACK' 'I' @296  1029 (0x00000405)
 - public static final 'GL_LEFT' 'I' @300  1030 (0x00000406)
 - public static final 'GL_RIGHT' 'I' @304  1031 (0x00000407)
 - public static final 'GL_FRONT_AND_BACK' 'I' @308  1032 (0x00000408)
 - public static final 'GL_NO_ERROR' 'I' @312  0 (0x00000000)
 - public static final 'GL_INVALID_ENUM' 'I' @316  1280 (0x00000500)
 - public static final 'GL_INVALID_VALUE' 'I' @320  1281 (0x00000501)
 - public static final 'GL_INVALID_OPERATION' 'I' @324  1282 (0x00000502)
 - public static final 'GL_STACK_OVERFLOW' 'I' @328  1283 (0x00000503)
 - public static final 'GL_STACK_UNDERFLOW' 'I' @332  1284 (0x00000504)
 - public static final 'GL_OUT_OF_MEMORY' 'I' @336  1285 (0x00000505)
 - public static final 'GL_CW' 'I' @340  2304 (0x00000900)
 - public static final 'GL_CCW' 'I' @344  2305 (0x00000901)
 - public static final 'GL_POINT_SIZE' 'I' @348  2833 (0x00000b11)
 - public static final 'GL_POINT_SIZE_RANGE' 'I' @352  2834 (0x00000b12)
 - public static final 'GL_POINT_SIZE_GRANULARITY' 'I' @356  2835 (0x00000b13)
 - public static final 'GL_LINE_SMOOTH' 'I' @360  2848 (0x00000b20)
 - public static final 'GL_LINE_WIDTH' 'I' @364  2849 (0x00000b21)
 - public static final 'GL_LINE_WIDTH_RANGE' 'I' @368  2850 (0x00000b22)
 - public static final 'GL_LINE_WIDTH_GRANULARITY' 'I' @372  2851 (0x00000b23)
 - public static final 'GL_POLYGON_MODE' 'I' @376  2880 (0x00000b40)
 - public static final 'GL_POLYGON_SMOOTH' 'I' @380  2881 (0x00000b41)
 - public static final 'GL_CULL_FACE' 'I' @384  2884 (0x00000b44)
 - public static final 'GL_CULL_FACE_MODE' 'I' @388  2885 (0x00000b45)
 - public static final 'GL_FRONT_FACE' 'I' @392  2886 (0x00000b46)
 - public static final 'GL_DEPTH_RANGE' 'I' @396  2928 (0x00000b70)
 - public static final 'GL_DEPTH_TEST' 'I' @400  2929 (0x00000b71)
 - public static final 'GL_DEPTH_WRITEMASK' 'I' @404  2930 (0x00000b72)
 - public static final 'GL_DEPTH_CLEAR_VALUE' 'I' @408  2931 (0x00000b73)
 - public static final 'GL_DEPTH_FUNC' 'I' @412  2932 (0x00000b74)
 - public static final 'GL_STENCIL_TEST' 'I' @416  2960 (0x00000b90)
 - public static final 'GL_STENCIL_CLEAR_VALUE' 'I' @420  2961 (0x00000b91)
 - public static final 'GL_STENCIL_FUNC' 'I' @424  2962 (0x00000b92)
 - public static final 'GL_STENCIL_VALUE_MASK' 'I' @428  2963 (0x00000b93)
 - public static final 'GL_STENCIL_FAIL' 'I' @432  2964 (0x00000b94)
 - public static final 'GL_STENCIL_PASS_DEPTH_FAIL' 'I' @436  2965 (0x00000b95)
 - public static final 'GL_STENCIL_PASS_DEPTH_PASS' 'I' @440  2966 (0x00000b96)
 - public static final 'GL_STENCIL_REF' 'I' @444  2967 (0x00000b97)
 - public static final 'GL_STENCIL_WRITEMASK' 'I' @448  2968 (0x00000b98)
 - public static final 'GL_VIEWPORT' 'I' @452  2978 (0x00000ba2)
 - public static final 'GL_DITHER' 'I' @456  3024 (0x00000bd0)
 - public static final 'GL_BLEND_DST' 'I' @460  3040 (0x00000be0)
 - public static final 'GL_BLEND_SRC' 'I' @464  3041 (0x00000be1)
 - public static final 'GL_BLEND' 'I' @468  3042 (0x00000be2)
 - public static final 'GL_LOGIC_OP_MODE' 'I' @472  3056 (0x00000bf0)
 - public static final 'GL_COLOR_LOGIC_OP' 'I' @476  3058 (0x00000bf2)
 - public static final 'GL_DRAW_BUFFER' 'I' @480  3073 (0x00000c01)
 - public static final 'GL_READ_BUFFER' 'I' @484  3074 (0x00000c02)
 - public static final 'GL_SCISSOR_BOX' 'I' @488  3088 (0x00000c10)
 - public static final 'GL_SCISSOR_TEST' 'I' @492  3089 (0x00000c11)
 - public static final 'GL_COLOR_CLEAR_VALUE' 'I' @496  3106 (0x00000c22)
 - public static final 'GL_COLOR_WRITEMASK' 'I' @500  3107 (0x00000c23)
 - public static final 'GL_DOUBLEBUFFER' 'I' @504  3122 (0x00000c32)
 - public static final 'GL_STEREO' 'I' @508  3123 (0x00000c33)
 - public static final 'GL_LINE_SMOOTH_HINT' 'I' @512  3154 (0x00000c52)
 - public static final 'GL_POLYGON_SMOOTH_HINT' 'I' @516  3155 (0x00000c53)
 - public static final 'GL_UNPACK_SWAP_BYTES' 'I' @520  3312 (0x00000cf0)
 - public static final 'GL_UNPACK_LSB_FIRST' 'I' @524  3313 (0x00000cf1)
 - public static final 'GL_UNPACK_ROW_LENGTH' 'I' @528  3314 (0x00000cf2)
 - public static final 'GL_UNPACK_SKIP_ROWS' 'I' @532  3315 (0x00000cf3)
 - public static final 'GL_UNPACK_SKIP_PIXELS' 'I' @536  3316 (0x00000cf4)
 - public static final 'GL_UNPACK_ALIGNMENT' 'I' @540  3317 (0x00000cf5)
 - public static final 'GL_PACK_SWAP_BYTES' 'I' @544  3328 (0x00000d00)
 - public static final 'GL_PACK_LSB_FIRST' 'I' @548  3329 (0x00000d01)
 - public static final 'GL_PACK_ROW_LENGTH' 'I' @552  3330 (0x00000d02)
 - public static final 'GL_PACK_SKIP_ROWS' 'I' @556  3331 (0x00000d03)
 - public static final 'GL_PACK_SKIP_PIXELS' 'I' @560  3332 (0x00000d04)
 - public static final 'GL_PACK_ALIGNMENT' 'I' @564  3333 (0x00000d05)
 - public static final 'GL_MAX_TEXTURE_SIZE' 'I' @568  3379 (0x00000d33)
 - public static final 'GL_MAX_VIEWPORT_DIMS' 'I' @572  3386 (0x00000d3a)
 - public static final 'GL_SUBPIXEL_BITS' 'I' @576  3408 (0x00000d50)
 - public static final 'GL_TEXTURE_1D' 'I' @580  3552 (0x00000de0)
 - public static final 'GL_TEXTURE_2D' 'I' @584  3553 (0x00000de1)
 - public static final 'GL_TEXTURE_WIDTH' 'I' @588  4096 (0x00001000)
 - public static final 'GL_TEXTURE_HEIGHT' 'I' @592  4097 (0x00001001)
 - public static final 'GL_TEXTURE_INTERNAL_FORMAT' 'I' @596  4099 (0x00001003)
 - public static final 'GL_TEXTURE_BORDER_COLOR' 'I' @600  4100 (0x00001004)
 - public static final 'GL_DONT_CARE' 'I' @604  4352 (0x00001100)
 - public static final 'GL_FASTEST' 'I' @608  4353 (0x00001101)
 - public static final 'GL_NICEST' 'I' @612  4354 (0x00001102)
 - public static final 'GL_CLEAR' 'I' @616  5376 (0x00001500)
 - public static final 'GL_AND' 'I' @620  5377 (0x00001501)
 - public static final 'GL_AND_REVERSE' 'I' @624  5378 (0x00001502)
 - public static final 'GL_COPY' 'I' @628  5379 (0x00001503)
 - public static final 'GL_AND_INVERTED' 'I' @632  5380 (0x00001504)
 - public static final 'GL_NOOP' 'I' @636  5381 (0x00001505)
 - public static final 'GL_XOR' 'I' @640  5382 (0x00001506)
 - public static final 'GL_OR' 'I' @644  5383 (0x00001507)
 - public static final 'GL_NOR' 'I' @648  5384 (0x00001508)
 - public static final 'GL_EQUIV' 'I' @652  5385 (0x00001509)
 - public static final 'GL_INVERT' 'I' @656  5386 (0x0000150a)
 - public static final 'GL_OR_REVERSE' 'I' @660  5387 (0x0000150b)
 - public static final 'GL_COPY_INVERTED' 'I' @664  5388 (0x0000150c)
 - public static final 'GL_OR_INVERTED' 'I' @668  5389 (0x0000150d)
 - public static final 'GL_NAND' 'I' @672  5390 (0x0000150e)
 - public static final 'GL_SET' 'I' @676  5391 (0x0000150f)
 - public static final 'GL_TEXTURE' 'I' @680  5890 (0x00001702)
 - public static final 'GL_COLOR' 'I' @684  6144 (0x00001800)
 - public static final 'GL_DEPTH' 'I' @688  6145 (0x00001801)
 - public static final 'GL_STENCIL' 'I' @692  6146 (0x00001802)
 - public static final 'GL_STENCIL_INDEX' 'I' @696  6401 (0x00001901)
 - public static final 'GL_DEPTH_COMPONENT' 'I' @700  6402 (0x00001902)
 - public static final 'GL_RED' 'I' @704  6403 (0x00001903)
 - public static final 'GL_GREEN' 'I' @708  6404 (0x00001904)
 - public static final 'GL_BLUE' 'I' @712  6405 (0x00001905)
 - public static final 'GL_ALPHA' 'I' @716  6406 (0x00001906)
 - public static final 'GL_RGB' 'I' @720  6407 (0x00001907)
 - public static final 'GL_RGBA' 'I' @724  6408 (0x00001908)
 - public static final 'GL_POINT' 'I' @728  6912 (0x00001b00)
 - public static final 'GL_LINE' 'I' @732  6913 (0x00001b01)
 - public static final 'GL_FILL' 'I' @736  6914 (0x00001b02)
 - public static final 'GL_KEEP' 'I' @740  7680 (0x00001e00)
 - public static final 'GL_REPLACE' 'I' @744  7681 (0x00001e01)
 - public static final 'GL_INCR' 'I' @748  7682 (0x00001e02)
 - public static final 'GL_DECR' 'I' @752  7683 (0x00001e03)
 - public static final 'GL_VENDOR' 'I' @756  7936 (0x00001f00)
 - public static final 'GL_RENDERER' 'I' @760  7937 (0x00001f01)
 - public static final 'GL_VERSION' 'I' @764  7938 (0x00001f02)
 - public static final 'GL_EXTENSIONS' 'I' @768  7939 (0x00001f03)
 - public static final 'GL_NEAREST' 'I' @772  9728 (0x00002600)
 - public static final 'GL_LINEAR' 'I' @776  9729 (0x00002601)
 - public static final 'GL_NEAREST_MIPMAP_NEAREST' 'I' @780  9984 (0x00002700)
 - public static final 'GL_LINEAR_MIPMAP_NEAREST' 'I' @784  9985 (0x00002701)
 - public static final 'GL_NEAREST_MIPMAP_LINEAR' 'I' @788  9986 (0x00002702)
 - public static final 'GL_LINEAR_MIPMAP_LINEAR' 'I' @792  9987 (0x00002703)
 - public static final 'GL_TEXTURE_MAG_FILTER' 'I' @796  10240 (0x00002800)
 - public static final 'GL_TEXTURE_MIN_FILTER' 'I' @800  10241 (0x00002801)
 - public static final 'GL_TEXTURE_WRAP_S' 'I' @804  10242 (0x00002802)
 - public static final 'GL_TEXTURE_WRAP_T' 'I' @808  10243 (0x00002803)
 - public static final 'GL_REPEAT' 'I' @812  10497 (0x00002901)
 - public static final 'GL_POLYGON_OFFSET_FACTOR' 'I' @816  32824 (0x00008038)
 - public static final 'GL_POLYGON_OFFSET_UNITS' 'I' @820  10752 (0x00002a00)
 - public static final 'GL_POLYGON_OFFSET_POINT' 'I' @824  10753 (0x00002a01)
 - public static final 'GL_POLYGON_OFFSET_LINE' 'I' @828  10754 (0x00002a02)
 - public static final 'GL_POLYGON_OFFSET_FILL' 'I' @832  32823 (0x00008037)
 - public static final 'GL_R3_G3_B2' 'I' @836  10768 (0x00002a10)
 - public static final 'GL_RGB4' 'I' @840  32847 (0x0000804f)
 - public static final 'GL_RGB5' 'I' @844  32848 (0x00008050)
 - public static final 'GL_RGB8' 'I' @848  32849 (0x00008051)
 - public static final 'GL_RGB10' 'I' @852  32850 (0x00008052)
 - public static final 'GL_RGB12' 'I' @856  32851 (0x00008053)
 - public static final 'GL_RGB16' 'I' @860  32852 (0x00008054)
 - public static final 'GL_RGBA2' 'I' @864  32853 (0x00008055)
 - public static final 'GL_RGBA4' 'I' @868  32854 (0x00008056)
 - public static final 'GL_RGB5_A1' 'I' @872  32855 (0x00008057)
 - public static final 'GL_RGBA8' 'I' @876  32856 (0x00008058)
 - public static final 'GL_RGB10_A2' 'I' @880  32857 (0x00008059)
 - public static final 'GL_RGBA12' 'I' @884  32858 (0x0000805a)
 - public static final 'GL_RGBA16' 'I' @888  32859 (0x0000805b)
 - public static final 'GL_TEXTURE_RED_SIZE' 'I' @892  32860 (0x0000805c)
 - public static final 'GL_TEXTURE_GREEN_SIZE' 'I' @896  32861 (0x0000805d)
 - public static final 'GL_TEXTURE_BLUE_SIZE' 'I' @900  32862 (0x0000805e)
 - public static final 'GL_TEXTURE_ALPHA_SIZE' 'I' @904  32863 (0x0000805f)
 - public static final 'GL_PROXY_TEXTURE_1D' 'I' @908  32867 (0x00008063)
 - public static final 'GL_PROXY_TEXTURE_2D' 'I' @912  32868 (0x00008064)
 - public static final 'GL_TEXTURE_BINDING_1D' 'I' @916  32872 (0x00008068)
 - public static final 'GL_TEXTURE_BINDING_2D' 'I' @920  32873 (0x00008069)
 - public static final 'GL_VERTEX_ARRAY' 'I' @924  32884 (0x00008074)
R12=0x0 is NULL
R13={method} {0x00000247ed942cb8} 'nglGenTextures' '(IJ)V' in 'org/lwjgl/opengl/GL11C'
R14=0x000000e933bfeba8 is pointing into the stack for thread: 0x000002478c45ad40
R15=0x000002478c45ad40 is a thread


Top of Stack: (sp=0x000000e933bfeae8)
0x000000e933bfeae8:   000002479b9920f3 000002479b98df59
0x000000e933bfeaf8:   000002479b991dd9 00000247ed942cb0
0x000000e933bfeb08:   00000247ed5503f0 000000e933bfeb28
0x000000e933bfeb18:   000000e933bfeb90 000002479b98df59
0x000000e933bfeb28:   000002479b991d96 000000e933bfeb30
0x000000e933bfeb38:   00000247ed942cb0 000000e933bfeba8
0x000000e933bfeb48:   00000247ed950000 0000000000000000
0x000000e933bfeb58:   0000000714fa7f38 00000247ed942cb0
0x000000e933bfeb68:   0000000000000000 000000e933bfeb98
0x000000e933bfeb78:   000000e933bfebf8 000002479b98de8a
0x000000e933bfeb88:   0000000714fa7f38 000002479b98f897
0x000000e933bfeb98:   00000247f195eabc 0000000000000000
0x000000e933bfeba8:   0000000000000001 000000e933bfebb0
0x000000e933bfebb8:   00000247ed942e34 000000e933bfec28
0x000000e933bfebc8:   00000247ed950000 0000000000000000
0x000000e933bfebd8:   0000000714fa7f38 00000247ed942ea0
0x000000e933bfebe8:   000000e933bfeb98 000000e933bfec30
0x000000e933bfebf8:   000000e933bfec78 000002479b98df9e
0x000000e933bfec08:   0000000000000000 0000000000000000
0x000000e933bfec18:   0000000714fb0ab0 0000000000010000
0x000000e933bfec28:   0000000714e38f00 000000e933bfec30
0x000000e933bfec38:   00000247ed9110e0 000000e933bfec80
0x000000e933bfec48:   00000247ed938000 0000000000000000
0x000000e933bfec58:   0000000714f4c888 00000247ed9110f8
0x000000e933bfec68:   000000e933bfec30 000000e933bfec88
0x000000e933bfec78:   000000e933bfecd8 000002479b98df9e
0x000000e933bfec88:   0000000714f02060 000000e933bfec90
0x000000e933bfec98:   00000247ed8f9fe5 000000e933bfed00
0x000000e933bfeca8:   00000247ed8fa6e8 0000000000000000
0x000000e933bfecb8:   0000000714eff188 00000247ed8fa090
0x000000e933bfecc8:   000000e933bfec88 000000e933bfece8
0x000000e933bfecd8:   000000e933bfed60 000002479b98de8a 

Instructions: (pc=0x00007ffa0bb7c64d)
0x00007ffa0bb7c54d:   cc cc cc 48 8b 01 41 0f b6 c8 48 8b 50 18 48 ff
0x00007ffa0bb7c55d:   a2 d0 01 00 00 cc cc cc cc cc cc cc cc cc cc cc
0x00007ffa0bb7c56d:   cc cc cc 48 8b 01 0f 28 cb 0f 28 c2 48 8b 48 18
0x00007ffa0bb7c57d:   48 ff a1 d8 01 00 00 cc cc cc cc cc cc cc cc cc
0x00007ffa0bb7c58d:   cc cc cc 48 8b 01 45 8b d8 44 8b 44 24 28 41 8b
0x00007ffa0bb7c59d:   d1 41 8b cb 4c 8b 50 18 49 ff a2 e8 01 00 00 cc
0x00007ffa0bb7c5ad:   cc cc cc 48 8b 01 41 8b c8 48 8b 50 18 48 ff a2
0x00007ffa0bb7c5bd:   f0 01 00 00 cc cc cc cc cc cc cc cc cc cc cc cc
0x00007ffa0bb7c5cd:   cc cc cc 40 53 48 8b 01 41 8b d8 44 8b 44 24 30
0x00007ffa0bb7c5dd:   41 8b d1 4c 8b 4c 24 38 8b cb 4c 8b 50 18 5b 49
0x00007ffa0bb7c5ed:   ff a2 f8 01 00 00 cc cc cc cc cc cc cc cc cc cc
0x00007ffa0bb7c5fd:   cc cc cc 48 8b 01 48 8b 48 18 48 ff a1 98 02 00
0x00007ffa0bb7c60d:   00 cc cc 48 8b 01 48 8b 48 18 48 ff a1 a0 02 00
0x00007ffa0bb7c61d:   00 cc cc 48 8b 01 41 8b c8 48 8b 50 18 48 ff a2
0x00007ffa0bb7c62d:   c8 02 00 00 cc cc cc cc cc cc cc cc cc cc cc cc
0x00007ffa0bb7c63d:   cc cc cc 48 8b 01 49 8b d1 41 8b c8 4c 8b 50 18
0x00007ffa0bb7c64d:   49 ff a2 d8 02 00 00 cc cc cc cc cc cc cc cc cc
0x00007ffa0bb7c65d:   cc cc cc 48 8b 01 49 8b d1 41 8b c8 4c 8b 50 18
0x00007ffa0bb7c66d:   49 ff a2 e0 02 00 00 cc cc cc cc cc cc cc cc cc
0x00007ffa0bb7c67d:   cc cc cc 48 8b 01 49 8b d1 41 8b c8 4c 8b 50 18
0x00007ffa0bb7c68d:   49 ff a2 f0 02 00 00 cc cc cc cc cc cc cc cc cc
0x00007ffa0bb7c69d:   cc cc cc 48 8b 01 49 8b d1 41 8b c8 4c 8b 50 18
0x00007ffa0bb7c6ad:   49 ff a2 f8 02 00 00 cc cc cc cc cc cc cc cc cc
0x00007ffa0bb7c6bd:   cc cc cc 48 8b 01 49 8b d1 41 8b c8 4c 8b 50 18
0x00007ffa0bb7c6cd:   49 ff a2 00 03 00 00 cc cc cc cc cc cc cc cc cc
0x00007ffa0bb7c6dd:   cc cc cc 48 8b 01 49 8b d1 41 8b c8 4c 8b 50 18
0x00007ffa0bb7c6ed:   49 ff a2 08 03 00 00 cc cc cc cc cc cc cc cc cc
0x00007ffa0bb7c6fd:   cc cc cc 48 8b 01 48 8b 48 18 48 8b 81 10 03 00
0x00007ffa0bb7c70d:   00 48 ff e0 cc cc cc cc cc cc cc cc cc cc cc cc
0x00007ffa0bb7c71d:   cc cc cc 48 8b 01 49 8b d1 41 8b c8 4c 8b 50 18
0x00007ffa0bb7c72d:   49 ff a2 68 03 00 00 cc cc cc cc cc cc cc cc cc
0x00007ffa0bb7c73d:   cc cc cc 48 8b 01 48 8b 48 18 48 8b 81 78 03 00 


Stack slot to memory mapping:
stack at sp + 0 slots: 0x000002479b9920f3 is at code_begin+1043 in an Interpreter codelet
method entry point (kind = native)  [0x000002479b991ce0, 0x000002479b9928d0]  3056 bytes
stack at sp + 1 slots: 0x000002479b98df59 is at code_begin+1305 in an Interpreter codelet
return entry points  [0x000002479b98da40, 0x000002479b98e508]  2760 bytes
stack at sp + 2 slots: 0x000002479b991dd9 is at code_begin+249 in an Interpreter codelet
method entry point (kind = native)  [0x000002479b991ce0, 0x000002479b9928d0]  3056 bytes
stack at sp + 3 slots: {method} {0x00000247ed942cb8} 'nglGenTextures' '(IJ)V' in 'org/lwjgl/opengl/GL11C'
stack at sp + 4 slots: 0x00000247ed5503f0 is pointing into metadata
stack at sp + 5 slots: 0x000000e933bfeb28 is pointing into the stack for thread: 0x000002478c45ad40
stack at sp + 6 slots: 0x000000e933bfeb90 is pointing into the stack for thread: 0x000002478c45ad40
stack at sp + 7 slots: 0x000002479b98df59 is at code_begin+1305 in an Interpreter codelet
return entry points  [0x000002479b98da40, 0x000002479b98e508]  2760 bytes


---------------  P R O C E S S  ---------------

Threads class SMR info:
_java_thread_list=0x00000247f16cec10, length=14, elements={
0x000002478c45ad40, 0x00000247ac387510, 0x00000247ac3884a0, 0x00000247ac38b740,
0x00000247ac3927e0, 0x00000247ac393210, 0x00000247ac390430, 0x00000247ac3910a0,
0x00000247ac391b10, 0x00000247f15ea150, 0x00000247f15f4980, 0x00000247f15f9730,
0x00000247f16cb810, 0x00000247f17c4fc0
}

Java Threads: ( => current thread )
=>0x000002478c45ad40 JavaThread "main" [_thread_in_native, id=27668, stack(0x000000e933b00000,0x000000e933c00000)]
  0x00000247ac387510 JavaThread "Reference Handler" daemon [_thread_blocked, id=32696, stack(0x000000e934200000,0x000000e934300000)]
  0x00000247ac3884a0 JavaThread "Finalizer" daemon [_thread_blocked, id=7604, stack(0x000000e934300000,0x000000e934400000)]
  0x00000247ac38b740 JavaThread "Signal Dispatcher" daemon [_thread_blocked, id=31280, stack(0x000000e934400000,0x000000e934500000)]
  0x00000247ac3927e0 JavaThread "Attach Listener" daemon [_thread_blocked, id=20040, stack(0x000000e934500000,0x000000e934600000)]
  0x00000247ac393210 JavaThread "Service Thread" daemon [_thread_blocked, id=460, stack(0x000000e934600000,0x000000e934700000)]
  0x00000247ac390430 JavaThread "Monitor Deflation Thread" daemon [_thread_blocked, id=25364, stack(0x000000e934700000,0x000000e934800000)]
  0x00000247ac3910a0 JavaThread "C2 CompilerThread0" daemon [_thread_blocked, id=32620, stack(0x000000e934800000,0x000000e934900000)]
  0x00000247ac391b10 JavaThread "C1 CompilerThread0" daemon [_thread_blocked, id=25572, stack(0x000000e934900000,0x000000e934a00000)]
  0x00000247f15ea150 JavaThread "Common-Cleaner" daemon [_thread_blocked, id=13456, stack(0x000000e934a00000,0x000000e934b00000)]
  0x00000247f15f4980 JavaThread "C1 CompilerThread1" daemon [_thread_blocked, id=5232, stack(0x000000e934b00000,0x000000e934c00000)]
  0x00000247f15f9730 JavaThread "C1 CompilerThread2" daemon [_thread_blocked, id=3556, stack(0x000000e934c00000,0x000000e934d00000)]
  0x00000247f16cb810 JavaThread "Monitor Ctrl-Break" daemon [_thread_in_native, id=12720, stack(0x000000e934d00000,0x000000e934e00000)]
  0x00000247f17c4fc0 JavaThread "Notification Thread" daemon [_thread_blocked, id=11520, stack(0x000000e934e00000,0x000000e934f00000)]

Other Threads:
  0x00000247ac369a60 VMThread "VM Thread" [stack: 0x000000e934100000,0x000000e934200000] [id=31424]
  0x00000247f16d0340 WatcherThread "VM Periodic Task Thread" [stack: 0x000000e934f00000,0x000000e935000000] [id=21028]
  0x000002478c4cb110 WorkerThread "GC Thread#0" [stack: 0x000000e933c00000,0x000000e933d00000] [id=29484]
  0x000002478c4dbc10 ConcurrentGCThread "G1 Main Marker" [stack: 0x000000e933d00000,0x000000e933e00000] [id=17060]
  0x000002478c4dc640 WorkerThread "G1 Conc#0" [stack: 0x000000e933e00000,0x000000e933f00000] [id=24920]
  0x00000247ac228470 ConcurrentGCThread "G1 Refine#0" [stack: 0x000000e933f00000,0x000000e934000000] [id=31084]
  0x00000247ac228f10 ConcurrentGCThread "G1 Service" [stack: 0x000000e934000000,0x000000e934100000] [id=31156]

Threads with active compile tasks:

VM state: not at safepoint (normal execution)

VM Mutex/Monitor currently owned by a thread: None

Heap address: 0x0000000705a00000, size: 4006 MB, Compressed Oops mode: Zero based, Oop shift amount: 3

CDS archive(s) mapped at: [0x00000247ac400000-0x00000247ad060000-0x00000247ad060000), size 12976128, SharedBaseAddress: 0x00000247ac400000, ArchiveRelocationMode: 1.
Compressed class space mapped at: 0x00000247ad400000-0x00000247ed400000, reserved size: 1073741824
Narrow klass base: 0x00000247ac400000, Narrow klass shift: 0, Narrow klass range: 0x100000000

GC Precious Log:
 CardTable entry size: 512
 Card Set container configuration: InlinePtr #cards 4 size 8 Array Of Cards #cards 16 size 48 Howl #buckets 8 coarsen threshold 3686 Howl Bitmap #cards 512 size 80 coarsen threshold 460 Card regions per heap region 1 cards per card region 4096
 CPUs: 16 total, 16 available
 Memory: 16021M
 Large Page Support: Disabled
 NUMA Support: Disabled
 Compressed Oops: Enabled (Zero based)
 Heap Region Size: 2M
 Heap Min Capacity: 8M
 Heap Initial Capacity: 252M
 Heap Max Capacity: 4006M
 Pre-touch: Disabled
 Parallel Workers: 13
 Concurrent Workers: 3
 Concurrent Refinement Workers: 13
 Periodic GC: Disabled

Heap:
 garbage-first heap   total 258048K, used 6144K [0x0000000705a00000, 0x0000000800000000)
  region size 2048K, 4 young (8192K), 0 survivors (0K)
 Metaspace       used 2981K, committed 3136K, reserved 1114112K
  class space    used 196K, committed 256K, reserved 1048576K

Heap Regions: E=young(eden), S=young(survivor), O=old, HS=humongous(starts), HC=humongous(continues), CS=collection set, F=free, OA=open archive, CA=closed archive, TAMS=top-at-mark-start, PB=parsable bottom
|   0|0x0000000705a00000, 0x0000000705a00000, 0x0000000705c00000|  0%| F|  |TAMS 0x0000000705a00000| PB 0x0000000705a00000| Untracked 
|   1|0x0000000705c00000, 0x0000000705c00000, 0x0000000705e00000|  0%| F|  |TAMS 0x0000000705c00000| PB 0x0000000705c00000| Untracked 
|   2|0x0000000705e00000, 0x0000000705e00000, 0x0000000706000000|  0%| F|  |TAMS 0x0000000705e00000| PB 0x0000000705e00000| Untracked 
|   3|0x0000000706000000, 0x0000000706000000, 0x0000000706200000|  0%| F|  |TAMS 0x0000000706000000| PB 0x0000000706000000| Untracked 
|   4|0x0000000706200000, 0x0000000706200000, 0x0000000706400000|  0%| F|  |TAMS 0x0000000706200000| PB 0x0000000706200000| Untracked 
|   5|0x0000000706400000, 0x0000000706400000, 0x0000000706600000|  0%| F|  |TAMS 0x0000000706400000| PB 0x0000000706400000| Untracked 
|   6|0x0000000706600000, 0x0000000706600000, 0x0000000706800000|  0%| F|  |TAMS 0x0000000706600000| PB 0x0000000706600000| Untracked 
|   7|0x0000000706800000, 0x0000000706800000, 0x0000000706a00000|  0%| F|  |TAMS 0x0000000706800000| PB 0x0000000706800000| Untracked 
|   8|0x0000000706a00000, 0x0000000706a00000, 0x0000000706c00000|  0%| F|  |TAMS 0x0000000706a00000| PB 0x0000000706a00000| Untracked 
|   9|0x0000000706c00000, 0x0000000706c00000, 0x0000000706e00000|  0%| F|  |TAMS 0x0000000706c00000| PB 0x0000000706c00000| Untracked 
|  10|0x0000000706e00000, 0x0000000706e00000, 0x0000000707000000|  0%| F|  |TAMS 0x0000000706e00000| PB 0x0000000706e00000| Untracked 
|  11|0x0000000707000000, 0x0000000707000000, 0x0000000707200000|  0%| F|  |TAMS 0x0000000707000000| PB 0x0000000707000000| Untracked 
|  12|0x0000000707200000, 0x0000000707200000, 0x0000000707400000|  0%| F|  |TAMS 0x0000000707200000| PB 0x0000000707200000| Untracked 
|  13|0x0000000707400000, 0x0000000707400000, 0x0000000707600000|  0%| F|  |TAMS 0x0000000707400000| PB 0x0000000707400000| Untracked 
|  14|0x0000000707600000, 0x0000000707600000, 0x0000000707800000|  0%| F|  |TAMS 0x0000000707600000| PB 0x0000000707600000| Untracked 
|  15|0x0000000707800000, 0x0000000707800000, 0x0000000707a00000|  0%| F|  |TAMS 0x0000000707800000| PB 0x0000000707800000| Untracked 
|  16|0x0000000707a00000, 0x0000000707a00000, 0x0000000707c00000|  0%| F|  |TAMS 0x0000000707a00000| PB 0x0000000707a00000| Untracked 
|  17|0x0000000707c00000, 0x0000000707c00000, 0x0000000707e00000|  0%| F|  |TAMS 0x0000000707c00000| PB 0x0000000707c00000| Untracked 
|  18|0x0000000707e00000, 0x0000000707e00000, 0x0000000708000000|  0%| F|  |TAMS 0x0000000707e00000| PB 0x0000000707e00000| Untracked 
|  19|0x0000000708000000, 0x0000000708000000, 0x0000000708200000|  0%| F|  |TAMS 0x0000000708000000| PB 0x0000000708000000| Untracked 
|  20|0x0000000708200000, 0x0000000708200000, 0x0000000708400000|  0%| F|  |TAMS 0x0000000708200000| PB 0x0000000708200000| Untracked 
|  21|0x0000000708400000, 0x0000000708400000, 0x0000000708600000|  0%| F|  |TAMS 0x0000000708400000| PB 0x0000000708400000| Untracked 
|  22|0x0000000708600000, 0x0000000708600000, 0x0000000708800000|  0%| F|  |TAMS 0x0000000708600000| PB 0x0000000708600000| Untracked 
|  23|0x0000000708800000, 0x0000000708800000, 0x0000000708a00000|  0%| F|  |TAMS 0x0000000708800000| PB 0x0000000708800000| Untracked 
|  24|0x0000000708a00000, 0x0000000708a00000, 0x0000000708c00000|  0%| F|  |TAMS 0x0000000708a00000| PB 0x0000000708a00000| Untracked 
|  25|0x0000000708c00000, 0x0000000708c00000, 0x0000000708e00000|  0%| F|  |TAMS 0x0000000708c00000| PB 0x0000000708c00000| Untracked 
|  26|0x0000000708e00000, 0x0000000708e00000, 0x0000000709000000|  0%| F|  |TAMS 0x0000000708e00000| PB 0x0000000708e00000| Untracked 
|  27|0x0000000709000000, 0x0000000709000000, 0x0000000709200000|  0%| F|  |TAMS 0x0000000709000000| PB 0x0000000709000000| Untracked 
|  28|0x0000000709200000, 0x0000000709200000, 0x0000000709400000|  0%| F|  |TAMS 0x0000000709200000| PB 0x0000000709200000| Untracked 
|  29|0x0000000709400000, 0x0000000709400000, 0x0000000709600000|  0%| F|  |TAMS 0x0000000709400000| PB 0x0000000709400000| Untracked 
|  30|0x0000000709600000, 0x0000000709600000, 0x0000000709800000|  0%| F|  |TAMS 0x0000000709600000| PB 0x0000000709600000| Untracked 
|  31|0x0000000709800000, 0x0000000709800000, 0x0000000709a00000|  0%| F|  |TAMS 0x0000000709800000| PB 0x0000000709800000| Untracked 
|  32|0x0000000709a00000, 0x0000000709a00000, 0x0000000709c00000|  0%| F|  |TAMS 0x0000000709a00000| PB 0x0000000709a00000| Untracked 
|  33|0x0000000709c00000, 0x0000000709c00000, 0x0000000709e00000|  0%| F|  |TAMS 0x0000000709c00000| PB 0x0000000709c00000| Untracked 
|  34|0x0000000709e00000, 0x0000000709e00000, 0x000000070a000000|  0%| F|  |TAMS 0x0000000709e00000| PB 0x0000000709e00000| Untracked 
|  35|0x000000070a000000, 0x000000070a000000, 0x000000070a200000|  0%| F|  |TAMS 0x000000070a000000| PB 0x000000070a000000| Untracked 
|  36|0x000000070a200000, 0x000000070a200000, 0x000000070a400000|  0%| F|  |TAMS 0x000000070a200000| PB 0x000000070a200000| Untracked 
|  37|0x000000070a400000, 0x000000070a400000, 0x000000070a600000|  0%| F|  |TAMS 0x000000070a400000| PB 0x000000070a400000| Untracked 
|  38|0x000000070a600000, 0x000000070a600000, 0x000000070a800000|  0%| F|  |TAMS 0x000000070a600000| PB 0x000000070a600000| Untracked 
|  39|0x000000070a800000, 0x000000070a800000, 0x000000070aa00000|  0%| F|  |TAMS 0x000000070a800000| PB 0x000000070a800000| Untracked 
|  40|0x000000070aa00000, 0x000000070aa00000, 0x000000070ac00000|  0%| F|  |TAMS 0x000000070aa00000| PB 0x000000070aa00000| Untracked 
|  41|0x000000070ac00000, 0x000000070ac00000, 0x000000070ae00000|  0%| F|  |TAMS 0x000000070ac00000| PB 0x000000070ac00000| Untracked 
|  42|0x000000070ae00000, 0x000000070ae00000, 0x000000070b000000|  0%| F|  |TAMS 0x000000070ae00000| PB 0x000000070ae00000| Untracked 
|  43|0x000000070b000000, 0x000000070b000000, 0x000000070b200000|  0%| F|  |TAMS 0x000000070b000000| PB 0x000000070b000000| Untracked 
|  44|0x000000070b200000, 0x000000070b200000, 0x000000070b400000|  0%| F|  |TAMS 0x000000070b200000| PB 0x000000070b200000| Untracked 
|  45|0x000000070b400000, 0x000000070b400000, 0x000000070b600000|  0%| F|  |TAMS 0x000000070b400000| PB 0x000000070b400000| Untracked 
|  46|0x000000070b600000, 0x000000070b600000, 0x000000070b800000|  0%| F|  |TAMS 0x000000070b600000| PB 0x000000070b600000| Untracked 
|  47|0x000000070b800000, 0x000000070b800000, 0x000000070ba00000|  0%| F|  |TAMS 0x000000070b800000| PB 0x000000070b800000| Untracked 
|  48|0x000000070ba00000, 0x000000070ba00000, 0x000000070bc00000|  0%| F|  |TAMS 0x000000070ba00000| PB 0x000000070ba00000| Untracked 
|  49|0x000000070bc00000, 0x000000070bc00000, 0x000000070be00000|  0%| F|  |TAMS 0x000000070bc00000| PB 0x000000070bc00000| Untracked 
|  50|0x000000070be00000, 0x000000070be00000, 0x000000070c000000|  0%| F|  |TAMS 0x000000070be00000| PB 0x000000070be00000| Untracked 
|  51|0x000000070c000000, 0x000000070c000000, 0x000000070c200000|  0%| F|  |TAMS 0x000000070c000000| PB 0x000000070c000000| Untracked 
|  52|0x000000070c200000, 0x000000070c200000, 0x000000070c400000|  0%| F|  |TAMS 0x000000070c200000| PB 0x000000070c200000| Untracked 
|  53|0x000000070c400000, 0x000000070c400000, 0x000000070c600000|  0%| F|  |TAMS 0x000000070c400000| PB 0x000000070c400000| Untracked 
|  54|0x000000070c600000, 0x000000070c600000, 0x000000070c800000|  0%| F|  |TAMS 0x000000070c600000| PB 0x000000070c600000| Untracked 
|  55|0x000000070c800000, 0x000000070c800000, 0x000000070ca00000|  0%| F|  |TAMS 0x000000070c800000| PB 0x000000070c800000| Untracked 
|  56|0x000000070ca00000, 0x000000070ca00000, 0x000000070cc00000|  0%| F|  |TAMS 0x000000070ca00000| PB 0x000000070ca00000| Untracked 
|  57|0x000000070cc00000, 0x000000070cc00000, 0x000000070ce00000|  0%| F|  |TAMS 0x000000070cc00000| PB 0x000000070cc00000| Untracked 
|  58|0x000000070ce00000, 0x000000070ce00000, 0x000000070d000000|  0%| F|  |TAMS 0x000000070ce00000| PB 0x000000070ce00000| Untracked 
|  59|0x000000070d000000, 0x000000070d000000, 0x000000070d200000|  0%| F|  |TAMS 0x000000070d000000| PB 0x000000070d000000| Untracked 
|  60|0x000000070d200000, 0x000000070d200000, 0x000000070d400000|  0%| F|  |TAMS 0x000000070d200000| PB 0x000000070d200000| Untracked 
|  61|0x000000070d400000, 0x000000070d400000, 0x000000070d600000|  0%| F|  |TAMS 0x000000070d400000| PB 0x000000070d400000| Untracked 
|  62|0x000000070d600000, 0x000000070d600000, 0x000000070d800000|  0%| F|  |TAMS 0x000000070d600000| PB 0x000000070d600000| Untracked 
|  63|0x000000070d800000, 0x000000070d800000, 0x000000070da00000|  0%| F|  |TAMS 0x000000070d800000| PB 0x000000070d800000| Untracked 
|  64|0x000000070da00000, 0x000000070da00000, 0x000000070dc00000|  0%| F|  |TAMS 0x000000070da00000| PB 0x000000070da00000| Untracked 
|  65|0x000000070dc00000, 0x000000070dc00000, 0x000000070de00000|  0%| F|  |TAMS 0x000000070dc00000| PB 0x000000070dc00000| Untracked 
|  66|0x000000070de00000, 0x000000070de00000, 0x000000070e000000|  0%| F|  |TAMS 0x000000070de00000| PB 0x000000070de00000| Untracked 
|  67|0x000000070e000000, 0x000000070e000000, 0x000000070e200000|  0%| F|  |TAMS 0x000000070e000000| PB 0x000000070e000000| Untracked 
|  68|0x000000070e200000, 0x000000070e200000, 0x000000070e400000|  0%| F|  |TAMS 0x000000070e200000| PB 0x000000070e200000| Untracked 
|  69|0x000000070e400000, 0x000000070e400000, 0x000000070e600000|  0%| F|  |TAMS 0x000000070e400000| PB 0x000000070e400000| Untracked 
|  70|0x000000070e600000, 0x000000070e600000, 0x000000070e800000|  0%| F|  |TAMS 0x000000070e600000| PB 0x000000070e600000| Untracked 
|  71|0x000000070e800000, 0x000000070e800000, 0x000000070ea00000|  0%| F|  |TAMS 0x000000070e800000| PB 0x000000070e800000| Untracked 
|  72|0x000000070ea00000, 0x000000070ea00000, 0x000000070ec00000|  0%| F|  |TAMS 0x000000070ea00000| PB 0x000000070ea00000| Untracked 
|  73|0x000000070ec00000, 0x000000070ec00000, 0x000000070ee00000|  0%| F|  |TAMS 0x000000070ec00000| PB 0x000000070ec00000| Untracked 
|  74|0x000000070ee00000, 0x000000070ee00000, 0x000000070f000000|  0%| F|  |TAMS 0x000000070ee00000| PB 0x000000070ee00000| Untracked 
|  75|0x000000070f000000, 0x000000070f000000, 0x000000070f200000|  0%| F|  |TAMS 0x000000070f000000| PB 0x000000070f000000| Untracked 
|  76|0x000000070f200000, 0x000000070f200000, 0x000000070f400000|  0%| F|  |TAMS 0x000000070f200000| PB 0x000000070f200000| Untracked 
|  77|0x000000070f400000, 0x000000070f400000, 0x000000070f600000|  0%| F|  |TAMS 0x000000070f400000| PB 0x000000070f400000| Untracked 
|  78|0x000000070f600000, 0x000000070f600000, 0x000000070f800000|  0%| F|  |TAMS 0x000000070f600000| PB 0x000000070f600000| Untracked 
|  79|0x000000070f800000, 0x000000070f800000, 0x000000070fa00000|  0%| F|  |TAMS 0x000000070f800000| PB 0x000000070f800000| Untracked 
|  80|0x000000070fa00000, 0x000000070fa00000, 0x000000070fc00000|  0%| F|  |TAMS 0x000000070fa00000| PB 0x000000070fa00000| Untracked 
|  81|0x000000070fc00000, 0x000000070fc00000, 0x000000070fe00000|  0%| F|  |TAMS 0x000000070fc00000| PB 0x000000070fc00000| Untracked 
|  82|0x000000070fe00000, 0x000000070fe00000, 0x0000000710000000|  0%| F|  |TAMS 0x000000070fe00000| PB 0x000000070fe00000| Untracked 
|  83|0x0000000710000000, 0x0000000710000000, 0x0000000710200000|  0%| F|  |TAMS 0x0000000710000000| PB 0x0000000710000000| Untracked 
|  84|0x0000000710200000, 0x0000000710200000, 0x0000000710400000|  0%| F|  |TAMS 0x0000000710200000| PB 0x0000000710200000| Untracked 
|  85|0x0000000710400000, 0x0000000710400000, 0x0000000710600000|  0%| F|  |TAMS 0x0000000710400000| PB 0x0000000710400000| Untracked 
|  86|0x0000000710600000, 0x0000000710600000, 0x0000000710800000|  0%| F|  |TAMS 0x0000000710600000| PB 0x0000000710600000| Untracked 
|  87|0x0000000710800000, 0x0000000710800000, 0x0000000710a00000|  0%| F|  |TAMS 0x0000000710800000| PB 0x0000000710800000| Untracked 
|  88|0x0000000710a00000, 0x0000000710a00000, 0x0000000710c00000|  0%| F|  |TAMS 0x0000000710a00000| PB 0x0000000710a00000| Untracked 
|  89|0x0000000710c00000, 0x0000000710c00000, 0x0000000710e00000|  0%| F|  |TAMS 0x0000000710c00000| PB 0x0000000710c00000| Untracked 
|  90|0x0000000710e00000, 0x0000000710e00000, 0x0000000711000000|  0%| F|  |TAMS 0x0000000710e00000| PB 0x0000000710e00000| Untracked 
|  91|0x0000000711000000, 0x0000000711000000, 0x0000000711200000|  0%| F|  |TAMS 0x0000000711000000| PB 0x0000000711000000| Untracked 
|  92|0x0000000711200000, 0x0000000711200000, 0x0000000711400000|  0%| F|  |TAMS 0x0000000711200000| PB 0x0000000711200000| Untracked 
|  93|0x0000000711400000, 0x0000000711400000, 0x0000000711600000|  0%| F|  |TAMS 0x0000000711400000| PB 0x0000000711400000| Untracked 
|  94|0x0000000711600000, 0x0000000711600000, 0x0000000711800000|  0%| F|  |TAMS 0x0000000711600000| PB 0x0000000711600000| Untracked 
|  95|0x0000000711800000, 0x0000000711800000, 0x0000000711a00000|  0%| F|  |TAMS 0x0000000711800000| PB 0x0000000711800000| Untracked 
|  96|0x0000000711a00000, 0x0000000711a00000, 0x0000000711c00000|  0%| F|  |TAMS 0x0000000711a00000| PB 0x0000000711a00000| Untracked 
|  97|0x0000000711c00000, 0x0000000711c00000, 0x0000000711e00000|  0%| F|  |TAMS 0x0000000711c00000| PB 0x0000000711c00000| Untracked 
|  98|0x0000000711e00000, 0x0000000711e00000, 0x0000000712000000|  0%| F|  |TAMS 0x0000000711e00000| PB 0x0000000711e00000| Untracked 
|  99|0x0000000712000000, 0x0000000712000000, 0x0000000712200000|  0%| F|  |TAMS 0x0000000712000000| PB 0x0000000712000000| Untracked 
| 100|0x0000000712200000, 0x0000000712200000, 0x0000000712400000|  0%| F|  |TAMS 0x0000000712200000| PB 0x0000000712200000| Untracked 
| 101|0x0000000712400000, 0x0000000712400000, 0x0000000712600000|  0%| F|  |TAMS 0x0000000712400000| PB 0x0000000712400000| Untracked 
| 102|0x0000000712600000, 0x0000000712600000, 0x0000000712800000|  0%| F|  |TAMS 0x0000000712600000| PB 0x0000000712600000| Untracked 
| 103|0x0000000712800000, 0x0000000712800000, 0x0000000712a00000|  0%| F|  |TAMS 0x0000000712800000| PB 0x0000000712800000| Untracked 
| 104|0x0000000712a00000, 0x0000000712a00000, 0x0000000712c00000|  0%| F|  |TAMS 0x0000000712a00000| PB 0x0000000712a00000| Untracked 
| 105|0x0000000712c00000, 0x0000000712c00000, 0x0000000712e00000|  0%| F|  |TAMS 0x0000000712c00000| PB 0x0000000712c00000| Untracked 
| 106|0x0000000712e00000, 0x0000000712e00000, 0x0000000713000000|  0%| F|  |TAMS 0x0000000712e00000| PB 0x0000000712e00000| Untracked 
| 107|0x0000000713000000, 0x0000000713000000, 0x0000000713200000|  0%| F|  |TAMS 0x0000000713000000| PB 0x0000000713000000| Untracked 
| 108|0x0000000713200000, 0x0000000713200000, 0x0000000713400000|  0%| F|  |TAMS 0x0000000713200000| PB 0x0000000713200000| Untracked 
| 109|0x0000000713400000, 0x0000000713400000, 0x0000000713600000|  0%| F|  |TAMS 0x0000000713400000| PB 0x0000000713400000| Untracked 
| 110|0x0000000713600000, 0x0000000713600000, 0x0000000713800000|  0%| F|  |TAMS 0x0000000713600000| PB 0x0000000713600000| Untracked 
| 111|0x0000000713800000, 0x0000000713800000, 0x0000000713a00000|  0%| F|  |TAMS 0x0000000713800000| PB 0x0000000713800000| Untracked 
| 112|0x0000000713a00000, 0x0000000713a00000, 0x0000000713c00000|  0%| F|  |TAMS 0x0000000713a00000| PB 0x0000000713a00000| Untracked 
| 113|0x0000000713c00000, 0x0000000713c00000, 0x0000000713e00000|  0%| F|  |TAMS 0x0000000713c00000| PB 0x0000000713c00000| Untracked 
| 114|0x0000000713e00000, 0x0000000713e00000, 0x0000000714000000|  0%| F|  |TAMS 0x0000000713e00000| PB 0x0000000713e00000| Untracked 
| 115|0x0000000714000000, 0x0000000714000000, 0x0000000714200000|  0%| F|  |TAMS 0x0000000714000000| PB 0x0000000714000000| Untracked 
| 116|0x0000000714200000, 0x0000000714200000, 0x0000000714400000|  0%| F|  |TAMS 0x0000000714200000| PB 0x0000000714200000| Untracked 
| 117|0x0000000714400000, 0x0000000714400000, 0x0000000714600000|  0%| F|  |TAMS 0x0000000714400000| PB 0x0000000714400000| Untracked 
| 118|0x0000000714600000, 0x0000000714600000, 0x0000000714800000|  0%| F|  |TAMS 0x0000000714600000| PB 0x0000000714600000| Untracked 
| 119|0x0000000714800000, 0x0000000714800000, 0x0000000714a00000|  0%| F|  |TAMS 0x0000000714800000| PB 0x0000000714800000| Untracked 
| 120|0x0000000714a00000, 0x0000000714a00000, 0x0000000714c00000|  0%| F|  |TAMS 0x0000000714a00000| PB 0x0000000714a00000| Untracked 
| 121|0x0000000714c00000, 0x0000000714c00000, 0x0000000714e00000|  0%| F|  |TAMS 0x0000000714c00000| PB 0x0000000714c00000| Untracked 
| 122|0x0000000714e00000, 0x0000000714fd3638, 0x0000000715000000| 91%| E|  |TAMS 0x0000000714e00000| PB 0x0000000714e00000| Complete 
| 123|0x0000000715000000, 0x0000000715200000, 0x0000000715200000|100%| E|CS|TAMS 0x0000000715000000| PB 0x0000000715000000| Complete 
| 124|0x0000000715200000, 0x0000000715400000, 0x0000000715400000|100%| E|CS|TAMS 0x0000000715200000| PB 0x0000000715200000| Complete 
| 125|0x0000000715400000, 0x0000000715600000, 0x0000000715600000|100%| E|CS|TAMS 0x0000000715400000| PB 0x0000000715400000| Complete 

Card table byte_map: [0x00000247a4580000,0x00000247a4d60000] _byte_map_base: 0x00000247a0d53000

Marking Bits: (CMBitMap*) 0x000002478c4cb740
 Bits: [0x00000247a5540000, 0x00000247a93d8000)

Polling page: 0x000002478a400000

Metaspace:

Usage:
  Non-class:      2.72 MB used.
      Class:    196.12 KB used.
       Both:      2.91 MB used.

Virtual space:
  Non-class space:       64.00 MB reserved,       2.81 MB (  4%) committed,  1 nodes.
      Class space:        1.00 GB reserved,     256.00 KB ( <1%) committed,  1 nodes.
             Both:        1.06 GB reserved,       3.06 MB ( <1%) committed. 

Chunk freelists:
   Non-Class:  2.66 MB
       Class:  3.64 MB
        Both:  6.30 MB

MaxMetaspaceSize: unlimited
CompressedClassSpaceSize: 1.00 GB
Initial GC threshold: 21.00 MB
Current GC threshold: 21.00 MB
CDS: on
MetaspaceReclaimPolicy: balanced
 - commit_granule_bytes: 65536.
 - commit_granule_words: 8192.
 - virtual_space_node_default_size: 8388608.
 - enlarge_chunks_in_place: 1.
 - new_chunks_are_fully_committed: 0.
 - uncommit_free_chunks: 1.
 - use_allocation_guard: 0.


Internal statistics:

num_allocs_failed_limit: 0.
num_arena_births: 78.
num_arena_deaths: 0.
num_vsnodes_births: 2.
num_vsnodes_deaths: 0.
num_space_committed: 49.
num_space_uncommitted: 0.
num_chunks_returned_to_freelist: 0.
num_chunks_taken_from_freelist: 154.
num_chunk_merges: 0.
num_chunk_splits: 98.
num_chunks_enlarged: 65.
num_inconsistent_stats: 0.

CodeHeap 'non-profiled nmethods': size=119168Kb used=174Kb max_used=174Kb free=118993Kb
 bounds [0x000002479c0c0000, 0x000002479c330000, 0x00000247a3520000]
CodeHeap 'profiled nmethods': size=119104Kb used=851Kb max_used=851Kb free=118252Kb
 bounds [0x0000024794520000, 0x0000024794790000, 0x000002479b970000]
CodeHeap 'non-nmethods': size=7488Kb used=3448Kb max_used=3462Kb free=4039Kb
 bounds [0x000002479b970000, 0x000002479bce0000, 0x000002479c0c0000]
 total_blobs=1605 nmethods=595 adapters=919
 compilation: enabled
              stopped_count=0, restarted_count=0
 full_count=0

Compilation events (20 events):
Event: 0.352 Thread 0x00000247ac391b10  584       3       java.util.jar.JarFile::getVersionedEntry (133 bytes)
Event: 0.352 Thread 0x00000247f15f9730  585       3       jdk.internal.misc.Unsafe::copyMemory (33 bytes)
Event: 0.353 Thread 0x00000247f15f4980 nmethod 583 0x00000247945ee710 code [0x00000247945ee9a0, 0x00000247945ef620]
Event: 0.353 Thread 0x00000247f15f4980  588       3       jdk.internal.misc.Unsafe::checkOffset (32 bytes)
Event: 0.353 Thread 0x00000247f15f4980 nmethod 588 0x00000247945efb90 code [0x00000247945efd40, 0x00000247945effb8]
Event: 0.353 Thread 0x00000247f15f4980  586       3       jdk.internal.misc.Unsafe::copyMemoryChecks (21 bytes)
Event: 0.353 Thread 0x00000247ac391b10 nmethod 584 0x00000247945f0090 code [0x00000247945f0340, 0x00000247945f10d0]
Event: 0.353 Thread 0x00000247f15f9730 nmethod 585 0x00000247945f1690 code [0x00000247945f1940, 0x00000247945f2648]
Event: 0.353 Thread 0x00000247f15f4980 nmethod 586 0x00000247945f2c10 code [0x00000247945f2ea0, 0x00000247945f3bb0]
Event: 0.356 Thread 0x00000247f15f4980  589       1       java.lang.NamedPackage::module (5 bytes)
Event: 0.356 Thread 0x00000247f15f4980 nmethod 589 0x000002479c0ea890 code [0x000002479c0eaa00, 0x000002479c0eaad0]
Event: 0.356 Thread 0x00000247f15f9730  591       3       sun.misc.Unsafe::putLong (11 bytes)
Event: 0.356 Thread 0x00000247f15f4980  592       3       org.lwjgl.system.MemoryUtil::memPutAddress (29 bytes)
Event: 0.356 Thread 0x00000247f15f9730 nmethod 591 0x00000247945f4110 code [0x00000247945f42a0, 0x00000247945f43b0]
Event: 0.356 Thread 0x00000247ac3910a0  593       4       java.lang.Integer::toUnsignedLong (7 bytes)
Event: 0.356 Thread 0x00000247f15f4980 nmethod 592 0x00000247945f4490 code [0x00000247945f4620, 0x00000247945f4818]
Event: 0.356 Thread 0x00000247ac3910a0 nmethod 593 0x000002479c0eaf90 code [0x000002479c0eb100, 0x000002479c0eb168]
Event: 0.356 Thread 0x00000247ac3910a0  594       4       java.lang.String::startsWith (138 bytes)
Event: 0.358 Thread 0x00000247f15f4980  595       3       java.io.InputStream::<init> (5 bytes)
Event: 0.358 Thread 0x00000247f15f4980 nmethod 595 0x00000247945f4910 code [0x00000247945f4aa0, 0x00000247945f4c08]

GC Heap History (0 events):
No events

Dll operation events (13 events):
Event: 0.027 Loaded shared library C:\Users\liawc\.jdks\openjdk-20.0.2\bin\java.dll
Event: 0.047 Loaded shared library C:\Users\liawc\.jdks\openjdk-20.0.2\bin\jsvml.dll
Event: 0.090 Loaded shared library C:\Users\liawc\.jdks\openjdk-20.0.2\bin\zip.dll
Event: 0.093 Loaded shared library C:\Users\liawc\.jdks\openjdk-20.0.2\bin\instrument.dll
Event: 0.100 Loaded shared library C:\Users\liawc\.jdks\openjdk-20.0.2\bin\net.dll
Event: 0.101 Loaded shared library C:\Users\liawc\.jdks\openjdk-20.0.2\bin\nio.dll
Event: 0.105 Loaded shared library C:\Users\liawc\.jdks\openjdk-20.0.2\bin\zip.dll
Event: 0.120 Loaded shared library C:\Program Files\JetBrains\IntelliJ IDEA Community Edition 2023.2\bin\breakgen64.dll
Event: 0.128 Loaded shared library C:\Users\liawc\.jdks\openjdk-20.0.2\bin\extnet.dll
Event: 0.147 Loaded shared library C:\Users\liawc\.jdks\openjdk-20.0.2\bin\jimage.dll
Event: 0.167 Loaded shared library C:\Users\liawc\AppData\Local\Temp\lwjglliawc\3.3.1-build-7\lwjgl.dll
Event: 0.287 Loaded shared library C:\Users\liawc\AppData\Local\Temp\lwjglliawc\3.3.1-build-7\lwjgl_stb.dll
Event: 0.351 Loaded shared library C:\Users\liawc\AppData\Local\Temp\lwjglliawc\3.3.1-build-7\lwjgl_opengl.dll

Deoptimization events (16 events):
Event: 0.121 Thread 0x000002478c45ad40 Uncommon trap: trap_request=0xffffff45 fr.pc=0x000002479c0cfbb4 relative=0x00000000000000b4
Event: 0.121 Thread 0x000002478c45ad40 Uncommon trap: reason=unstable_if action=reinterpret pc=0x000002479c0cfbb4 method=java.lang.String.isLatin1()Z @ 10 c2
Event: 0.121 Thread 0x000002478c45ad40 DEOPT PACKING pc=0x000002479c0cfbb4 sp=0x000000e933bfede0
Event: 0.121 Thread 0x000002478c45ad40 DEOPT UNPACKING pc=0x000002479b98d2a2 sp=0x000000e933bfed20 mode 2
Event: 0.182 Thread 0x000002478c45ad40 DEOPT PACKING pc=0x000002479454ec57 sp=0x000000e933bfade0
Event: 0.182 Thread 0x000002478c45ad40 DEOPT UNPACKING pc=0x000002479b9de462 sp=0x000000e933bfa200 mode 0
Event: 0.309 Thread 0x000002478c45ad40 DEOPT PACKING pc=0x00000247945d8afd sp=0x000000e933bfec50
Event: 0.309 Thread 0x000002478c45ad40 DEOPT UNPACKING pc=0x000002479b9de462 sp=0x000000e933bfe1d8 mode 0
Event: 0.310 Thread 0x000002478c45ad40 Uncommon trap: trap_request=0xffffff45 fr.pc=0x000002479c0e9100 relative=0x0000000000000260
Event: 0.310 Thread 0x000002478c45ad40 Uncommon trap: reason=unstable_if action=reinterpret pc=0x000002479c0e9100 method=java.nio.Buffer.hasRemaining()Z @ 8 c2
Event: 0.310 Thread 0x000002478c45ad40 DEOPT PACKING pc=0x000002479c0e9100 sp=0x000000e933bfed30
Event: 0.310 Thread 0x000002478c45ad40 DEOPT UNPACKING pc=0x000002479b98d2a2 sp=0x000000e933bfec78 mode 2
Event: 0.311 Thread 0x000002478c45ad40 Uncommon trap: trap_request=0xffffff45 fr.pc=0x000002479c0e8870 relative=0x0000000000000070
Event: 0.311 Thread 0x000002478c45ad40 Uncommon trap: reason=unstable_if action=reinterpret pc=0x000002479c0e8870 method=java.nio.Buffer.hasRemaining()Z @ 8 c2
Event: 0.311 Thread 0x000002478c45ad40 DEOPT PACKING pc=0x000002479c0e8870 sp=0x000000e933bfde70
Event: 0.311 Thread 0x000002478c45ad40 DEOPT UNPACKING pc=0x000002479b98d2a2 sp=0x000000e933bfde08 mode 2

Classes loaded (20 events):
Event: 0.181 Loading class java/util/function/LongPredicate
Event: 0.181 Loading class java/util/function/LongPredicate done
Event: 0.183 Loading class java/lang/foreign/MemorySegment
Event: 0.183 Loading class java/lang/foreign/MemorySegment done
Event: 0.186 Loading class java/nio/InvalidMarkException
Event: 0.186 Loading class java/nio/InvalidMarkException done
Event: 0.186 Loading class java/nio/BufferUnderflowException
Event: 0.186 Loading class java/nio/BufferUnderflowException done
Event: 0.188 Loading class java/lang/IndexOutOfBoundsException
Event: 0.188 Loading class java/lang/IndexOutOfBoundsException done
Event: 0.216 Loading class java/nio/channels/spi/AbstractInterruptibleChannel$1
Event: 0.216 Loading class sun/nio/ch/Interruptible
Event: 0.216 Loading class sun/nio/ch/Interruptible done
Event: 0.216 Loading class java/nio/channels/spi/AbstractInterruptibleChannel$1 done
Event: 0.296 Loading class jdk/internal/foreign/MemorySessionImpl
Event: 0.296 Loading class java/lang/foreign/SegmentScope
Event: 0.296 Loading class java/lang/foreign/SegmentScope done
Event: 0.296 Loading class java/lang/foreign/SegmentAllocator
Event: 0.296 Loading class java/lang/foreign/SegmentAllocator done
Event: 0.297 Loading class jdk/internal/foreign/MemorySessionImpl done

Classes unloaded (0 events):
No events

Classes redefined (0 events):
No events

Internal exceptions (20 events):
Event: 0.165 Thread 0x000002478c45ad40 Exception <a 'sun/nio/fs/WindowsException'{0x000000071518e9f8}> (0x000000071518e9f8) 
thrown [s\open\src\hotspot\share\prims\jni.cpp, line 519]
Event: 0.166 Thread 0x000002478c45ad40 Exception <a 'sun/nio/fs/WindowsException'{0x000000071518ef28}> (0x000000071518ef28) 
thrown [s\open\src\hotspot\share\prims\jni.cpp, line 519]
Event: 0.174 Thread 0x000002478c45ad40 Exception <a 'sun/nio/fs/WindowsException'{0x00000007151a2870}> (0x00000007151a2870) 
thrown [s\open\src\hotspot\share\prims\jni.cpp, line 519]
Event: 0.174 Thread 0x000002478c45ad40 Exception <a 'sun/nio/fs/WindowsException'{0x00000007151a2bd0}> (0x00000007151a2bd0) 
thrown [s\open\src\hotspot\share\prims\jni.cpp, line 519]
Event: 0.182 Thread 0x000002478c45ad40 Exception <a 'java/lang/NoSuchMethodError'{0x00000007151edd00}: 'int java.lang.invoke.DirectMethodHandle$Holder.invokeStaticInit(java.lang.Object, java.lang.Object, int, long)'> (0x00000007151edd00) 
thrown [s\open\src\hotspot\share\interpreter\linkResolver.cpp, line 773]
Event: 0.182 Thread 0x000002478c45ad40 Exception <a 'java/lang/NoSuchMethodError'{0x00000007151f3338}: 'java.lang.Object java.lang.invoke.DirectMethodHandle$Holder.newInvokeSpecial(java.lang.Object, java.lang.Object, int)'> (0x00000007151f3338) 
thrown [s\open\src\hotspot\share\interpreter\linkResolver.cpp, line 773]
Event: 0.184 Thread 0x000002478c45ad40 Exception <a 'java/lang/NoSuchMethodError'{0x0000000714e01c68}: 'int java.lang.invoke.DirectMethodHandle$Holder.invokeStaticInit(java.lang.Object, java.lang.Object, long, long)'> (0x0000000714e01c68) 
thrown [s\open\src\hotspot\share\interpreter\linkResolver.cpp, line 773]
Event: 0.184 Thread 0x000002478c45ad40 Exception <a 'java/lang/NoSuchMethodError'{0x0000000714e07ab0}: 'java.lang.Object java.lang.invoke.DirectMethodHandle$Holder.newInvokeSpecial(java.lang.Object, java.lang.Object, long)'> (0x0000000714e07ab0) 
thrown [s\open\src\hotspot\share\interpreter\linkResolver.cpp, line 773]
Event: 0.185 Thread 0x000002478c45ad40 Exception <a 'java/lang/NoSuchMethodError'{0x0000000714e0b868}: 'java.lang.Object java.lang.invoke.Invokers$Holder.linkToTargetMethod(java.lang.Object, long, java.lang.Object)'> (0x0000000714e0b868) 
thrown [s\open\src\hotspot\share\interpreter\linkResolver.cpp, line 773]
Event: 0.185 Thread 0x000002478c45ad40 Exception <a 'java/lang/NoSuchMethodError'{0x0000000714e128a0}: 'int java.lang.invoke.DirectMethodHandle$Holder.invokeStaticInit(java.lang.Object, java.lang.Object, java.lang.Object, long)'> (0x0000000714e128a0) 
thrown [s\open\src\hotspot\share\interpreter\linkResolver.cpp, line 773]
Event: 0.218 Thread 0x000002478c45ad40 Exception <a 'java/lang/NoSuchMethodError'{0x0000000714e9ffe8}: 'void java.lang.System.load(java.lang.String, java.lang.Class)'> (0x0000000714e9ffe8) 
thrown [s\open\src\hotspot\share\interpreter\linkResolver.cpp, line 773]
Event: 0.219 Thread 0x000002478c45ad40 Exception <a 'java/lang/NoSuchMethodError'{0x0000000714ea2dd8}: 'void java.lang.System.loadLibrary(java.lang.String, java.lang.Class)'> (0x0000000714ea2dd8) 
thrown [s\open\src\hotspot\share\interpreter\linkResolver.cpp, line 773]
Event: 0.286 Thread 0x000002478c45ad40 Exception <a 'sun/nio/fs/WindowsException'{0x0000000714eb2818}> (0x0000000714eb2818) 
thrown [s\open\src\hotspot\share\prims\jni.cpp, line 519]
Event: 0.286 Thread 0x000002478c45ad40 Exception <a 'sun/nio/fs/WindowsException'{0x0000000714eb2b98}> (0x0000000714eb2b98) 
thrown [s\open\src\hotspot\share\prims\jni.cpp, line 519]
Event: 0.318 Thread 0x000002478c45ad40 Exception <a 'java/lang/NoSuchMethodError'{0x0000000714f636d8}: 'void java.lang.System.load(java.lang.String, java.lang.Class)'> (0x0000000714f636d8) 
thrown [s\open\src\hotspot\share\interpreter\linkResolver.cpp, line 773]
Event: 0.318 Thread 0x000002478c45ad40 Exception <a 'java/lang/NoSuchMethodError'{0x0000000714f664c0}: 'void java.lang.System.loadLibrary(java.lang.String, java.lang.Class)'> (0x0000000714f664c0) 
thrown [s\open\src\hotspot\share\interpreter\linkResolver.cpp, line 773]
Event: 0.350 Thread 0x000002478c45ad40 Exception <a 'sun/nio/fs/WindowsException'{0x0000000714f760d0}> (0x0000000714f760d0) 
thrown [s\open\src\hotspot\share\prims\jni.cpp, line 519]
Event: 0.350 Thread 0x000002478c45ad40 Exception <a 'sun/nio/fs/WindowsException'{0x0000000714f76478}> (0x0000000714f76478) 
thrown [s\open\src\hotspot\share\prims\jni.cpp, line 519]
Event: 0.352 Thread 0x000002478c45ad40 Exception <a 'sun/nio/fs/WindowsException'{0x0000000714f7bf90}> (0x0000000714f7bf90) 
thrown [s\open\src\hotspot\share\prims\jni.cpp, line 519]
Event: 0.353 Thread 0x000002478c45ad40 Exception <a 'sun/nio/fs/WindowsException'{0x0000000714f7c270}> (0x0000000714f7c270) 
thrown [s\open\src\hotspot\share\prims\jni.cpp, line 519]

VM Operations (4 events):
Event: 0.083 Executing VM operation: HandshakeAllThreads
Event: 0.083 Executing VM operation: HandshakeAllThreads done
Event: 0.122 Executing VM operation: HandshakeAllThreads
Event: 0.122 Executing VM operation: HandshakeAllThreads done

Events (14 events):
Event: 0.047 Thread 0x000002478c45ad40 Thread added: 0x000002478c45ad40
Event: 0.058 Thread 0x00000247ac387510 Thread added: 0x00000247ac387510
Event: 0.058 Thread 0x00000247ac3884a0 Thread added: 0x00000247ac3884a0
Event: 0.059 Thread 0x00000247ac38b740 Thread added: 0x00000247ac38b740
Event: 0.059 Thread 0x00000247ac3927e0 Thread added: 0x00000247ac3927e0
Event: 0.059 Thread 0x00000247ac393210 Thread added: 0x00000247ac393210
Event: 0.059 Thread 0x00000247ac390430 Thread added: 0x00000247ac390430
Event: 0.059 Thread 0x00000247ac3910a0 Thread added: 0x00000247ac3910a0
Event: 0.059 Thread 0x00000247ac391b10 Thread added: 0x00000247ac391b10
Event: 0.079 Thread 0x00000247f15ea150 Thread added: 0x00000247f15ea150
Event: 0.083 Thread 0x00000247f15f4980 Thread added: 0x00000247f15f4980
Event: 0.083 Thread 0x00000247f15f9730 Thread added: 0x00000247f15f9730
Event: 0.120 Thread 0x00000247f16cb810 Thread added: 0x00000247f16cb810
Event: 0.120 Thread 0x00000247f17c4fc0 Thread added: 0x00000247f17c4fc0


Dynamic libraries:
0x00007ff6f6250000 - 0x00007ff6f625e000 	C:\Users\liawc\.jdks\openjdk-20.0.2\bin\java.exe
0x00007ffa580b0000 - 0x00007ffa582c4000 	C:\WINDOWS\SYSTEM32\ntdll.dll
0x00007ffa57390000 - 0x00007ffa57454000 	C:\WINDOWS\System32\KERNEL32.DLL
0x00007ffa556f0000 - 0x00007ffa55a94000 	C:\WINDOWS\System32\KERNELBASE.dll
0x00007ffa55bc0000 - 0x00007ffa55cd1000 	C:\WINDOWS\System32\ucrtbase.dll
0x00007ffa4b8b0000 - 0x00007ffa4b8c7000 	C:\Users\liawc\.jdks\openjdk-20.0.2\bin\jli.dll
0x00007ffa41e50000 - 0x00007ffa41e6b000 	C:\Users\liawc\.jdks\openjdk-20.0.2\bin\VCRUNTIME140.dll
0x00007ffa565a0000 - 0x00007ffa5674e000 	C:\WINDOWS\System32\USER32.dll
0x00007ffa55ce0000 - 0x00007ffa55d06000 	C:\WINDOWS\System32\win32u.dll
0x00007ffa31530000 - 0x00007ffa317c3000 	C:\WINDOWS\WinSxS\amd64_microsoft.windows.common-controls_6595b64144ccf1df_6.0.22621.2215_none_270d72677387dfc3\COMCTL32.dll
0x00007ffa57a70000 - 0x00007ffa57a99000 	C:\WINDOWS\System32\GDI32.dll
0x00007ffa55460000 - 0x00007ffa55578000 	C:\WINDOWS\System32\gdi32full.dll
0x00007ffa57140000 - 0x00007ffa571e7000 	C:\WINDOWS\System32\msvcrt.dll
0x00007ffa55aa0000 - 0x00007ffa55b3a000 	C:\WINDOWS\System32\msvcp_win.dll
0x00007ffa57bb0000 - 0x00007ffa57be1000 	C:\WINDOWS\System32\IMM32.DLL
0x00007ffa47aa0000 - 0x00007ffa47aac000 	C:\Users\liawc\.jdks\openjdk-20.0.2\bin\vcruntime140_1.dll
0x00007ffa28820000 - 0x00007ffa288ae000 	C:\Users\liawc\.jdks\openjdk-20.0.2\bin\msvcp140.dll
0x00007ff99ed50000 - 0x00007ff99f9e8000 	C:\Users\liawc\.jdks\openjdk-20.0.2\bin\server\jvm.dll
0x00007ffa57640000 - 0x00007ffa576f0000 	C:\WINDOWS\System32\ADVAPI32.dll
0x00007ffa572e0000 - 0x00007ffa57386000 	C:\WINDOWS\System32\sechost.dll
0x00007ffa56470000 - 0x00007ffa56587000 	C:\WINDOWS\System32\RPCRT4.dll
0x00007ffa4a670000 - 0x00007ffa4a67a000 	C:\WINDOWS\SYSTEM32\VERSION.dll
0x00007ffa47b30000 - 0x00007ffa47b39000 	C:\WINDOWS\SYSTEM32\WSOCK32.dll
0x00007ffa47cf0000 - 0x00007ffa47d24000 	C:\WINDOWS\SYSTEM32\WINMM.dll
0x00007ffa576f0000 - 0x00007ffa57761000 	C:\WINDOWS\System32\WS2_32.dll
0x00007ffa54550000 - 0x00007ffa54568000 	C:\WINDOWS\SYSTEM32\kernel.appcore.dll
0x00007ffa41e40000 - 0x00007ffa41e4a000 	C:\Users\liawc\.jdks\openjdk-20.0.2\bin\jimage.dll
0x00007ffa52db0000 - 0x00007ffa52fde000 	C:\WINDOWS\SYSTEM32\DBGHELP.DLL
0x00007ffa55e40000 - 0x00007ffa561ca000 	C:\WINDOWS\System32\combase.dll
0x00007ffa57460000 - 0x00007ffa57537000 	C:\WINDOWS\System32\OLEAUT32.dll
0x00007ffa259e0000 - 0x00007ffa25a12000 	C:\WINDOWS\SYSTEM32\dbgcore.DLL
0x00007ffa55b40000 - 0x00007ffa55bba000 	C:\WINDOWS\System32\bcryptPrimitives.dll
0x00007ffa4b8a0000 - 0x00007ffa4b8ae000 	C:\Users\liawc\.jdks\openjdk-20.0.2\bin\instrument.dll
0x00007ffa41e10000 - 0x00007ffa41e36000 	C:\Users\liawc\.jdks\openjdk-20.0.2\bin\java.dll
0x00007ffa1ce20000 - 0x00007ffa1cef7000 	C:\Users\liawc\.jdks\openjdk-20.0.2\bin\jsvml.dll
0x00007ffa56910000 - 0x00007ffa57133000 	C:\WINDOWS\System32\SHELL32.dll
0x00007ffa533b0000 - 0x00007ffa53c9a000 	C:\WINDOWS\SYSTEM32\windows.storage.dll
0x00007ffa53270000 - 0x00007ffa533ae000 	C:\WINDOWS\SYSTEM32\wintypes.dll
0x00007ffa57540000 - 0x00007ffa57633000 	C:\WINDOWS\System32\SHCORE.dll
0x00007ffa57aa0000 - 0x00007ffa57afe000 	C:\WINDOWS\System32\shlwapi.dll
0x00007ffa55390000 - 0x00007ffa553b6000 	C:\WINDOWS\SYSTEM32\profapi.dll
0x00007ffa30cd0000 - 0x00007ffa30ce8000 	C:\Users\liawc\.jdks\openjdk-20.0.2\bin\zip.dll
0x00007ffa30d50000 - 0x00007ffa30d63000 	C:\Users\liawc\.jdks\openjdk-20.0.2\bin\net.dll
0x00007ffa4a0c0000 - 0x00007ffa4a1f7000 	C:\WINDOWS\SYSTEM32\WINHTTP.dll
0x00007ffa54a20000 - 0x00007ffa54a89000 	C:\WINDOWS\system32\mswsock.dll
0x00007ffa30cf0000 - 0x00007ffa30d06000 	C:\Users\liawc\.jdks\openjdk-20.0.2\bin\nio.dll
0x00007ffa24e90000 - 0x00007ffa24eaa000 	C:\Program Files\JetBrains\IntelliJ IDEA Community Edition 2023.2\bin\breakgen64.dll
0x00007ffa41dc0000 - 0x00007ffa41dc7000 	C:\Users\liawc\.jdks\openjdk-20.0.2\bin\extnet.dll
0x00007ffa0bbd0000 - 0x00007ffa0bc45000 	C:\Users\liawc\AppData\Local\Temp\lwjglliawc\3.3.1-build-7\lwjgl.dll
0x00007ffa0ad70000 - 0x00007ffa0add1000 	C:\Users\liawc\AppData\Local\Temp\lwjglliawc\3.3.1-build-7\glfw.dll
0x00007ffa13000000 - 0x00007ffa13046000 	C:\WINDOWS\SYSTEM32\dinput8.dll
0x00007ffa14550000 - 0x00007ffa14561000 	C:\WINDOWS\SYSTEM32\xinput1_4.dll
0x00007ffa55150000 - 0x00007ffa5519e000 	C:\WINDOWS\SYSTEM32\cfgmgr32.dll
0x00007ffa55120000 - 0x00007ffa5514c000 	C:\WINDOWS\SYSTEM32\DEVOBJ.dll
0x00007ffa525a0000 - 0x00007ffa525cb000 	C:\WINDOWS\SYSTEM32\dwmapi.dll
0x00007ffa32580000 - 0x00007ffa3278a000 	C:\WINDOWS\SYSTEM32\inputhost.dll
0x00007ffa4f980000 - 0x00007ffa4fab3000 	C:\WINDOWS\SYSTEM32\CoreMessaging.dll
0x00007ffa52360000 - 0x00007ffa5240b000 	C:\WINDOWS\system32\uxtheme.dll
0x00007ffa562d0000 - 0x00007ffa56419000 	C:\WINDOWS\System32\MSCTF.dll
0x00007ffa54c90000 - 0x00007ffa54c9c000 	C:\WINDOWS\SYSTEM32\CRYPTBASE.DLL
0x00007ffa0a230000 - 0x00007ffa0a2b1000 	C:\Users\liawc\AppData\Local\Temp\lwjglliawc\3.3.1-build-7\lwjgl_stb.dll
0x00007ffa0bb70000 - 0x00007ffa0bbcd000 	C:\Users\liawc\AppData\Local\Temp\lwjglliawc\3.3.1-build-7\lwjgl_opengl.dll
0x00007ffa1e450000 - 0x00007ffa1e550000 	C:\WINDOWS\SYSTEM32\opengl32.dll
0x00007ffa228b0000 - 0x00007ffa228dd000 	C:\WINDOWS\SYSTEM32\GLU32.dll
0x00007ffa52610000 - 0x00007ffa52648000 	C:\WINDOWS\SYSTEM32\dxcore.dll

dbghelp: loaded successfully - version: 4.0.5 - missing functions: none
symbol engine: initialized successfully - sym options: 0x614 - pdb path: .;C:\Users\liawc\.jdks\openjdk-20.0.2\bin;C:\WINDOWS\SYSTEM32;C:\WINDOWS\WinSxS\amd64_microsoft.windows.common-controls_6595b64144ccf1df_6.0.22621.2215_none_270d72677387dfc3;C:\Users\liawc\.jdks\openjdk-20.0.2\bin\server;C:\Program Files\JetBrains\IntelliJ IDEA Community Edition 2023.2\bin;C:\Users\liawc\AppData\Local\Temp\lwjglliawc\3.3.1-build-7

VM Arguments:
jvm_args: -javaagent:C:\Program Files\JetBrains\IntelliJ IDEA Community Edition 2023.2\lib\idea_rt.jar=49164:C:\Program Files\JetBrains\IntelliJ IDEA Community Edition 2023.2\bin -Dfile.encoding=UTF-8 -Dsun.stdout.encoding=UTF-8 -Dsun.stderr.encoding=UTF-8 
java_command: ShadowDance
java_class_path (initial): C:\Users\liawc\ThunderobotShiz\Degree\Year 2 Sem 2\Object Oriented Software Development\cliaw-project-2\project-2-skeleton\target\classes;C:\Users\liawc\.m2\repository\org\lwjgl\lwjgl\3.3.1\lwjgl-3.3.1.jar;C:\Users\liawc\.m2\repository\org\lwjgl\lwjgl-assimp\3.3.1\lwjgl-assimp-3.3.1.jar;C:\Users\liawc\.m2\repository\org\lwjgl\lwjgl-glfw\3.3.1\lwjgl-glfw-3.3.1.jar;C:\Users\liawc\.m2\repository\org\lwjgl\lwjgl-openal\3.3.1\lwjgl-openal-3.3.1.jar;C:\Users\liawc\.m2\repository\org\lwjgl\lwjgl-opengl\3.3.1\lwjgl-opengl-3.3.1.jar;C:\Users\liawc\.m2\repository\org\lwjgl\lwjgl-stb\3.3.1\lwjgl-stb-3.3.1.jar;C:\Users\liawc\.m2\repository\org\lwjgl\lwjgl\3.3.1\lwjgl-3.3.1-natives-windows.jar;C:\Users\liawc\.m2\repository\org\lwjgl\lwjgl-assimp\3.3.1\lwjgl-assimp-3.3.1-natives-windows.jar;C:\Users\liawc\.m2\repository\org\lwjgl\lwjgl-glfw\3.3.1\lwjgl-glfw-3.3.1-natives-windows.jar;C:\Users\liawc\.m2\repository\org\lwjgl\lwjgl-openal\3.3.1\lwjgl-openal-3.3.1-natives-windows.jar;C:\Users\liawc\.m2\repository\org\lwjgl\lwjgl-opengl\3.3.1\lwjgl-opengl-3.3.1-natives-windows.jar;C:\Users\liawc\.m2\repository\org\lwjgl\lwjgl-stb\3.3.1\lwjgl-stb-3.3.1-natives-windows.jar;C:\Users\liawc\.m2\repository\io\github\eleanor-em\bagel\1.9.3\bagel-1.9.3.jar
Launcher Type: SUN_STANDARD

[Global flags]
     intx CICompilerCount                          = 12                                        {product} {ergonomic}
     uint ConcGCThreads                            = 3                                         {product} {ergonomic}
     uint G1ConcRefinementThreads                  = 13                                        {product} {ergonomic}
   size_t G1HeapRegionSize                         = 2097152                                   {product} {ergonomic}
    uintx GCDrainStackTargetSize                   = 64                                        {product} {ergonomic}
   size_t InitialHeapSize                          = 264241152                                 {product} {ergonomic}
   size_t MarkStackSize                            = 4194304                                   {product} {ergonomic}
   size_t MaxHeapSize                              = 4200595456                                {product} {ergonomic}
   size_t MaxNewSize                               = 2518679552                                {product} {ergonomic}
   size_t MinHeapDeltaBytes                        = 2097152                                   {product} {ergonomic}
   size_t MinHeapSize                              = 8388608                                   {product} {ergonomic}
    uintx NonNMethodCodeHeapSize                   = 7602480                                {pd product} {ergonomic}
    uintx NonProfiledCodeHeapSize                  = 122027880                              {pd product} {ergonomic}
    uintx ProfiledCodeHeapSize                     = 122027880                              {pd product} {ergonomic}
    uintx ReservedCodeCacheSize                    = 251658240                              {pd product} {ergonomic}
     bool SegmentedCodeCache                       = true                                      {product} {ergonomic}
   size_t SoftMaxHeapSize                          = 4200595456                             {manageable} {ergonomic}
     bool UseCompressedClassPointers               = true                           {product lp64_product} {ergonomic}
     bool UseCompressedOops                        = true                           {product lp64_product} {ergonomic}
     bool UseG1GC                                  = true                                      {product} {ergonomic}
     bool UseLargePagesIndividualAllocation        = false                                  {pd product} {ergonomic}

Logging:
Log output configuration:
 #0: stdout all=warning uptime,level,tags foldmultilines=false
 #1: stderr all=off uptime,level,tags foldmultilines=false

Environment Variables:
PATH=C:\Program Files\Common Files\Oracle\Java\javapath;C:\Program Files (x86)\Common Files\Oracle\Java\javapath;C:\windows\system32;C:\windows;C:\windows\System32\Wbem;C:\windows\System32\WindowsPowerShell\v1.0\;C:\windows\System32\OpenSSH\;C:\Program Files (x86)\NVIDIA Corporation\PhysX\Common;C:\Program Files\NVIDIA Corporation\NVIDIA NvDLISR;C:\Program Files\MATLAB\R2022a\bin;C:\Program Files\jEdit;C:\WINDOWS\system32;C:\WINDOWS;C:\WINDOWS\System32\Wbem;C:\WINDOWS\System32\WindowsPowerShell\v1.0\;C:\WINDOWS\System32\OpenSSH\;C:\Program Files\nodejs\;C:\Program Files\Git\cmd;C:\Program Files\dotnet\;C:\Users\liawc\AppData\Local\Microsoft\WindowsApps;C:\Users\liawc\AppData\Local\Programs\Microsoft VS Code\bin;C:\MinGW\bin;C:\Users\liawc\AppData\Roaming\npm;C:\Users\liawc\AppData\Local\GitHubDesktop\bin;C:\Users\liawc\.dotnet\tools
USERNAME=liawc
OS=Windows_NT
PROCESSOR_IDENTIFIER=Intel64 Family 6 Model 141 Stepping 1, GenuineIntel
TMP=C:\Users\liawc\AppData\Local\Temp
TEMP=C:\Users\liawc\AppData\Local\Temp




---------------  S Y S T E M  ---------------

OS:
 Windows 11 , 64 bit Build 22621 (10.0.22621.2215)
OS uptime: 1 days 7:06 hours
Hyper-V role detected

CPU: total 16 (initial active 16) (8 cores per cpu, 2 threads per core) family 6 model 141 stepping 1 microcode 0x46, cx8, cmov, fxsr, ht, mmx, 3dnowpref, sse, sse2, sse3, ssse3, sse4.1, sse4.2, popcnt, lzcnt, tsc, tscinvbit, avx, avx2, aes, erms, clmul, bmi1, bmi2, adx, avx512f, avx512dq, avx512cd, avx512bw, avx512vl, sha, fma, vzeroupper, avx512_vpopcntdq, avx512_vpclmulqdq, avx512_vaes, avx512_vnni, clflush, clflushopt, clwb, avx512_vbmi2, avx512_vbmi, hv, rdtscp, rdpid, fsrm, gfni, avx512_bitalg, f16c, cet_ibt, cet_ss, avx512_ifma

Memory: 4k page, system-wide physical 16021M (3827M free)
TotalPageFile size 26261M (AvailPageFile size 5097M)
current process WorkingSet (physical memory assigned to process): 58M, peak: 58M
current process commit charge ("private bytes"): 359M, peak: 359M

vm_info: OpenJDK 64-Bit Server VM (20.0.2+9-78) for windows-amd64 JRE (20.0.2+9-78), built on 2023-06-14T10:08:48Z by "mach5one" with MS VC++ 17.1 (VS2022)

END.
